<?xml version="1.0" encoding="UTF-8"?>
<testsuite xmlns:xsi="http://www.w3.org/2001/XMLSchema-instance" xsi:noNamespaceSchemaLocation="https://maven.apache.org/surefire/maven-surefire-plugin/xsd/surefire-test-report-3.0.xsd" version="3.0" name="com.myapp.azureblob.AzureblobApplicationTests" time="8.242" tests="1" errors="0" skipped="0" failures="0">
  <properties>
[...]
</properties>
  <testcase name="contextLoads" classname="com.myapp.azureblob.AzureblobApplicationTests" time="2.739">
    <system-out><![CDATA[14:40:59.201 [main] INFO org.springframework.test.context.support.AnnotationConfigContextLoaderUtils -- Could not detect default configuration classes for test class [com.myapp.azureblob.AzureblobApplicationTests]: AzureblobApplicationTests does not declare any static, non-private, non-final, nested classes annotated with @Configuration.
14:40:59.498 [main] INFO org.springframework.boot.test.context.SpringBootTestContextBootstrapper -- Found @SpringBootConfiguration com.myapp.azureblob.AzureblobApplication for test class com.myapp.azureblob.AzureblobApplicationTests

  .   ____          _            __ _ _
 /\\ / ___'_ __ _ _(_)_ __  __ _ \ \ \ \
( ( )\___ | '_ | '_| | '_ \/ _` | \ \ \ \
 \\/  ___)| |_)| | | | | || (_| |  ) ) ) )
  '  |____| .__|_| |_|_| |_\__, | / / / /
 =========|_|==============|___/=/_/_/_/

 :: Spring Boot ::                (v3.3.3)

2024-08-30T14:41:00.534+05:30  INFO 18348 --- [azureblob] [           main] c.m.azureblob.AzureblobApplicationTests  : Starting AzureblobApplicationTests using Java 17.0.5 with PID 18348 (started by CQ486QQ in C:\Users\CQ486QQ\OneDrive - EY\Desktop\azureblob)
2024-08-30T14:41:00.537+05:30  INFO 18348 --- [azureblob] [           main] c.m.azureblob.AzureblobApplicationTests  : No active profile set, falling back to 1 default profile: "default"
2024-08-30T14:41:04.187+05:30  INFO 18348 --- [azureblob] [           main] c.m.azureblob.AzureblobApplicationTests  : Started AzureblobApplicationTests in 4.303 seconds (process running for 7.183)
]]></system-out>
  </testcase>
</testsuite>